<?xml version="1.0" encoding="UTF-8" ?>
<testsuite failures="0" time="0.203" errors="0" skipped="0" tests="3" name="com.dasanjos.java.http.HttpResponseTest">
  <properties>
[...]
</properties>
  <testcase time="0.176" classname="com.dasanjos.java.http.HttpResponseTest" name="doHeadRequest"/>
  <testcase time="0.003" classname="com.dasanjos.java.http.HttpResponseTest" name="doGetRequest"/>
  <testcase time="0.001" classname="com.dasanjos.java.http.HttpResponseTest" name="unknownRequest"/>
</testsuite>